<?xml version="1.0" encoding="UTF-8"?>
<!-- Generated by org.testng.reporters.JUnitXMLReporter -->
<testsuite ignored="2" hostname="SACHIN-LAPTOP" failures="2" tests="5" name="Default test(failed)" time="2.301" errors="0" timestamp="2022-07-11T08:22:41 IST">
  <testcase classname="com.FacebookLive.SampleClass" name="testMethod5" time="0.018">
    <failure type="java.lang.AssertionError" message="null">
      <![CDATA[java.lang.AssertionError: null
at com.FacebookLive.SampleClass.testMethod5(SampleClass.java:67)
at java.base/java.util.ArrayList.forEach(ArrayList.java:1541)
... Removed 29 stack frames]]>
    </failure>
  </testcase> <!-- testMethod5 -->
  <testcase classname="com.FacebookLive.SampleClass" name="testMethod2" time="0.006"/>
  <testcase classname="com.FacebookLive.SampleClass" name="testMethod2" time="0.008"/>
  <testcase classname="com.FacebookLive.SampleClass" name="testMethod2" time="0.008"/>
  <testcase classname="com.FacebookLive.SampleClass" name="testMethod3" time="2.062">
    <failure type="org.testng.internal.thread.ThreadTimeoutException" message="Method com.FacebookLive.SampleClass.testMethod3() didn&amp;apos;t finish within the time-out 2000">
      <![CDATA[org.testng.internal.thread.ThreadTimeoutException: Method com.FacebookLive.SampleClass.testMethod3() didn't finish within the time-out 2000
at java.base@11.0.15/java.lang.Thread.sleep(Native Method)
at app//com.FacebookLive.SampleClass.testMethod3(SampleClass.java:58)
at java.base@11.0.15/java.util.concurrent.FutureTask.run(FutureTask.java:264)
at java.base@11.0.15/java.util.concurrent.ThreadPoolExecutor.runWorker(ThreadPoolExecutor.java:1128)
at java.base@11.0.15/java.util.concurrent.ThreadPoolExecutor$Worker.run(ThreadPoolExecutor.java:628)
at java.base@11.0.15/java.lang.Thread.run(Thread.java:834)
... Removed 8 stack frames]]>
    </failure>
  </testcase> <!-- testMethod3 -->
  <testcase classname="com.FacebookLive.SampleClass" name="testMethod1" time="0.0">
    <ignored/>
  </testcase> <!-- testMethod1 -->
  <testcase classname="com.FacebookLive.SampleClass" name="testMethod4" time="0.0">
    <ignored/>
  </testcase> <!-- testMethod4 -->
</testsuite> <!-- Default test(failed) -->
