<?xml version="1.0" encoding="UTF-8"?>
<!-- Generated by org.testng.reporters.JUnitXMLReporter -->
<testsuite ignored="0" hostname="SACHIN-LAPTOP" failures="5" tests="5" name="HomePageTest(failed)" time="0.313" errors="0" timestamp="2022-10-20T20:32:00 IST">
  <testcase classname="astasoft.flipkart.TestClasses.Sample3" name="testMethod12" time="0.084">
    <failure type="java.lang.AssertionError" message="The following asserts failed:
	Submit button has no label expected object to not be null,
	Additional text appeared on page expected [false] but found [true],
	Wrong title is displayed did not expect [Google1] but found [Google1]">
      <![CDATA[java.lang.AssertionError: The following asserts failed:
Submit button has no label expected object to not be null,
Additional text appeared on page expected [false] but found [true],
Wrong title is displayed did not expect [Google1] but found [Google1]
at astasoft.flipkart.TestClasses.Sample3.testMethod12(Sample3.java:69)
at java.base/java.util.ArrayList.forEach(ArrayList.java:1541)
... Removed 29 stack frames]]>
    </failure>
  </testcase> <!-- testMethod12 -->
  <testcase classname="astasoft.flipkart.TestClasses.Sample3" name="testMethod8" time="0.005">
    <failure type="java.lang.AssertionError" message="UserNameField has label expected [null] but found [userName]">
      <![CDATA[java.lang.AssertionError: UserNameField has label expected [null] but found [userName]
at astasoft.flipkart.TestClasses.Sample3.testMethod8(Sample3.java:16)
at java.base/java.util.ArrayList.forEach(ArrayList.java:1541)
... Removed 30 stack frames]]>
    </failure>
  </testcase> <!-- testMethod8 -->
  <testcase classname="astasoft.flipkart.TestClasses.Sample3" name="testMethod10" time="0.003">
    <failure type="java.lang.AssertionError" message="null">
      <![CDATA[java.lang.AssertionError: null
at astasoft.flipkart.TestClasses.Sample3.testMethod10(Sample3.java:40)
at java.base/java.util.ArrayList.forEach(ArrayList.java:1541)
... Removed 29 stack frames]]>
    </failure>
  </testcase> <!-- testMethod10 -->
  <testcase classname="astasoft.flipkart.TestClasses.Sample3" name="testMethod9" time="0.004">
    <failure type="java.lang.AssertionError" message="Wrong title is displayed did not expect [Google1] but found [Google1]">
      <![CDATA[java.lang.AssertionError: Wrong title is displayed did not expect [Google1] but found [Google1]
at astasoft.flipkart.TestClasses.Sample3.testMethod9(Sample3.java:34)
at java.base/java.util.ArrayList.forEach(ArrayList.java:1541)
... Removed 31 stack frames]]>
    </failure>
  </testcase> <!-- testMethod9 -->
  <testcase classname="astasoft.flipkart.TestClasses.Sample3" name="testMethod11" time="0.02">
    <failure type="java.lang.AssertionError" message="The following asserts failed:
	Submit button has no label expected object to not be null,
	Additional text appeared on page expected [false] but found [true],
	Wrong title is displayed did not expect [Google1] but found [Google1],
	Additional text appeared on page expected [null] but found [abcd...]">
      <![CDATA[java.lang.AssertionError: The following asserts failed:
Submit button has no label expected object to not be null,
Additional text appeared on page expected [false] but found [true],
Wrong title is displayed did not expect [Google1] but found [Google1],
Additional text appeared on page expected [null] but found [abcd...]
at astasoft.flipkart.TestClasses.Sample3.testMethod11(Sample3.java:55)
at java.base/java.util.ArrayList.forEach(ArrayList.java:1541)
... Removed 29 stack frames]]>
    </failure>
  </testcase> <!-- testMethod11 -->
</testsuite> <!-- HomePageTest(failed) -->
